<?xml version="1.0" encoding="UTF-8"?>
<testsuite xmlns:xsi="http://www.w3.org/2001/XMLSchema-instance" xsi:schemaLocation="https://maven.apache.org/surefire/maven-surefire-plugin/xsd/surefire-test-report.xsd" name="com.makotojava.learn.odot.dao.ItemDaoTest" time="13.723" tests="12" errors="0" skipped="0" failures="0">
  <properties>
[...]
</properties>
  <testcase name="testDelete" classname="com.makotojava.learn.odot.dao.ItemDaoTest$ItemDaoPessimisticScenariosTest" time="0.93"/>
  <testcase name="testDelete" classname="com.makotojava.learn.odot.dao.ItemDaoTest$ItemDaoOptimisticScenariosTest" time="0.588"/>
  <testcase name="testUpdate" classname="com.makotojava.learn.odot.dao.ItemDaoTest$ItemDaoPessimisticScenariosTest" time="0.537"/>
  <testcase name="testUpdate" classname="com.makotojava.learn.odot.dao.ItemDaoTest$ItemDaoOptimisticScenariosTest" time="0.587"/>
  <testcase name="testUpdate" classname="com.makotojava.learn.odot.dao.ItemDaoTest$ItemDaoOptimisticScenariosTest$ItemDaoOptimisticUpdateWithCategoryScenariosTest" time="0.646"/>
  <testcase name="testAdd" classname="com.makotojava.learn.odot.dao.ItemDaoTest$ItemDaoPessimisticScenariosTest" time="0.872"/>
  <testcase name="testAdd" classname="com.makotojava.learn.odot.dao.ItemDaoTest$ItemDaoOptimisticScenariosTest" time="0.546"/>
  <testcase name="testAdd" classname="com.makotojava.learn.odot.dao.ItemDaoTest$ItemDaoOptimisticScenariosTest$ItemDaoOptimisticAddWithCategoryScenariosTest" time="0.55"/>
  <testcase name="testFindAll" classname="com.makotojava.learn.odot.dao.ItemDaoTest$ItemDaoOptimisticScenariosTest" time="0.681"/>
  <testcase name="testFindAll" classname="com.makotojava.learn.odot.dao.ItemDaoTest$ItemDaoEmptyDbScenariosTest" time="0.532"/>
  <testcase name="testFindById" classname="com.makotojava.learn.odot.dao.ItemDaoTest$ItemDaoOptimisticScenariosTest" time="0.591"/>
  <testcase name="testFindByDescription" classname="com.makotojava.learn.odot.dao.ItemDaoTest$ItemDaoOptimisticScenariosTest" time="0.624"/>
</testsuite>